app/build/intermediates/manifest_merge_blame_file/debug/manifest-merger-blame-debug-report.txt
1<?xml version="1.0" encoding="utf-8"?>
2<manifest xmlns:android="http://schemas.android.com/apk/res/android"
3    package="com.emperor.kotlinexample"
4    android:versionCode="1"
5    android:versionName="1.0" >
6
7    <uses-sdk
8        android:minSdkVersion="23"
8-->src\main\AndroidManifest.xml
9        android:targetSdkVersion="30" />
9-->src\main\AndroidManifest.xml
10
11    <uses-permission android:name="android.permission.INTERNET" />
11-->src\main\AndroidManifest.xml:5:5-67
11-->src\main\AndroidManifest.xml:5:22-64
12
13    <application
13-->src\main\AndroidManifest.xml:7:5-39:19
14        android:name="com.emperor.kotlinexample.utils.BaseApplication"
14-->src\main\AndroidManifest.xml:8:9-46
15        android:allowBackup="true"
15-->src\main\AndroidManifest.xml:9:9-35
16        android:appComponentFactory="androidx.core.app.CoreComponentFactory"
16-->[androidx.core:core:1.3.2] AndroidManifest.xml:24:18-86
17        android:debuggable="true"
18        android:extractNativeLibs="false"
19        android:icon="@mipmap/ic_launcher"
19-->src\main\AndroidManifest.xml:10:9-43
20        android:label="@string/app_name"
20-->src\main\AndroidManifest.xml:11:9-41
21        android:roundIcon="@mipmap/ic_launcher_round"
21-->src\main\AndroidManifest.xml:12:9-54
22        android:supportsRtl="true"
22-->src\main\AndroidManifest.xml:13:9-35
23        android:testOnly="true"
24        android:theme="@style/Theme.KotlinExample" >
24-->src\main\AndroidManifest.xml:14:9-51
25        <activity android:name="com.emperor.kotlinexample.view.RegisterActivity" />
25-->src\main\AndroidManifest.xml:15:9-68
25-->src\main\AndroidManifest.xml:15:19-56
26        <activity android:name="com.emperor.kotlinexample.view.LoginActivity" />
26-->src\main\AndroidManifest.xml:16:9-56
26-->src\main\AndroidManifest.xml:16:19-53
27        <activity android:name="com.emperor.kotlinexample.view.SplashActivity" >
27-->src\main\AndroidManifest.xml:17:9-23:20
27-->src\main\AndroidManifest.xml:17:19-54
28            <intent-filter>
28-->src\main\AndroidManifest.xml:18:13-22:29
29                <action android:name="android.intent.action.MAIN" />
29-->src\main\AndroidManifest.xml:19:17-69
29-->src\main\AndroidManifest.xml:19:25-66
30
31                <category android:name="android.intent.category.LAUNCHER" />
31-->src\main\AndroidManifest.xml:21:17-77
31-->src\main\AndroidManifest.xml:21:27-74
32            </intent-filter>
33        </activity>
34        <activity android:name="com.emperor.kotlinexample.view.FriendsActivity" />
34-->src\main\AndroidManifest.xml:24:9-58
34-->src\main\AndroidManifest.xml:24:19-55
35        <activity android:name="com.emperor.kotlinexample.view.DeepLinkingActivity" >
35-->src\main\AndroidManifest.xml:25:9-37:20
35-->src\main\AndroidManifest.xml:25:19-59
36            <intent-filter>
36-->src\main\AndroidManifest.xml:26:13-36:29
37                <action android:name="android.intent.action.VIEW" />
37-->src\main\AndroidManifest.xml:27:17-69
37-->src\main\AndroidManifest.xml:27:25-66
38
39                <category android:name="android.intent.category.DEFAULT" />
39-->src\main\AndroidManifest.xml:29:17-76
39-->src\main\AndroidManifest.xml:29:27-73
40                <category android:name="android.intent.category.BROWSABLE" />
40-->src\main\AndroidManifest.xml:30:17-78
40-->src\main\AndroidManifest.xml:30:27-75
41
42                <data
42-->src\main\AndroidManifest.xml:32:17-35:46
43                    android:host="trovecrm.in"
43-->src\main\AndroidManifest.xml:33:21-47
44                    android:pathPrefix="/user"
44-->src\main\AndroidManifest.xml:34:21-47
45                    android:scheme="https" />
45-->src\main\AndroidManifest.xml:35:21-43
46            </intent-filter>
47        </activity>
48        <activity android:name="com.emperor.kotlinexample.view.MainActivity" />
48-->src\main\AndroidManifest.xml:38:9-55
48-->src\main\AndroidManifest.xml:38:19-52
49
50        <service
50-->[androidx.room:room-runtime:2.2.5] AndroidManifest.xml:25:9-28:40
51            android:name="androidx.room.MultiInstanceInvalidationService"
51-->[androidx.room:room-runtime:2.2.5] AndroidManifest.xml:26:13-74
52            android:directBootAware="true"
52-->[androidx.room:room-runtime:2.2.5] AndroidManifest.xml:27:13-43
53            android:exported="false" />
53-->[androidx.room:room-runtime:2.2.5] AndroidManifest.xml:28:13-37
54
55        <provider
55-->[androidx.lifecycle:lifecycle-process:2.0.0] AndroidManifest.xml:23:9-27:43
56            android:name="androidx.lifecycle.ProcessLifecycleOwnerInitializer"
56-->[androidx.lifecycle:lifecycle-process:2.0.0] AndroidManifest.xml:24:13-79
57            android:authorities="com.emperor.kotlinexample.lifecycle-process"
57-->[androidx.lifecycle:lifecycle-process:2.0.0] AndroidManifest.xml:25:13-69
58            android:exported="false"
58-->[androidx.lifecycle:lifecycle-process:2.0.0] AndroidManifest.xml:26:13-37
59            android:multiprocess="true" />
59-->[androidx.lifecycle:lifecycle-process:2.0.0] AndroidManifest.xml:27:13-40
60    </application>
61
62</manifest>